sketch.js:28 ********** training run ********** 0
sketch.js:29 *** data.inputs *** (2) [0, 0]
sketch.js:30 *** data.outputs *** [0]
nn.js:21 *** *** inputs *** ***
nn.js:24 [ 
nn.js:36    [ 0 ],
nn.js:39    [ 0 ]
nn.js:42 ]
nn.js:21 *** *** weights_ih *** ***
nn.js:24 [ 
nn.js:36    [ 0.4625586316941619, 0.6101025068836639 ],
nn.js:36    [ -0.9024177851410742, 0.15935691265593244 ],
nn.js:36    [ 0.3094404335267602, -0.5221221308840556 ],
nn.js:39    [ 0.21645665263422398, -0.04100540618027848 ]
nn.js:42 ]
nn.js:21 *** *** hidden *** ***
nn.js:24 [ 
nn.js:36    [ 0 ],
nn.js:36    [ 0 ],
nn.js:36    [ 0 ],
nn.js:39    [ 0 ]
nn.js:42 ]
nn.js:21 *** *** hidden post-activation *** ***
nn.js:24 [ 
nn.js:36    [ 0.5 ],
nn.js:36    [ 0.5 ],
nn.js:36    [ 0.5 ],
nn.js:39    [ 0.5 ]
nn.js:42 ]
nn.js:21 *** *** hidden *** ***
nn.js:24 [ 
nn.js:36    [ 0.5 ],
nn.js:36    [ 0.5 ],
nn.js:36    [ 0.5 ],
nn.js:39    [ 0.5 ]
nn.js:42 ]
nn.js:21 *** *** weights_ho *** ***
nn.js:24 [ 
nn.js:39    [ -0.9522695770393623, -0.5588125543264288, -0.8198613734784295, 0.8694066407578713 ]
nn.js:42 ]
nn.js:21 *** *** outputs *** ***
nn.js:24 [ 
nn.js:39    [ -0.7307684320431747 ]
nn.js:42 ]
nn.js:21 *** *** outputs post-activation *** ***
nn.js:24 [ 
nn.js:39    [ 0.32502612295143296 ]
nn.js:42 ]
nn.js:21 *** *** targets *** ***
nn.js:24 [ 
nn.js:39    [ 0 ]
nn.js:42 ]
nn.js:21 *** *** output_errors *** ***
nn.js:24 [ 
nn.js:39    [ -0.32502612295143296 ]
nn.js:42 ]
nn.js:21 *** *** gradients *** ***
nn.js:24 [ 
nn.js:39    [ 0.21938414235059295 ]
nn.js:42 ]
nn.js:21 *** *** gradients post multiply outout_errors *** ***
nn.js:24 [ 
nn.js:39    [ -0.07130557722523849 ]
nn.js:42 ]
nn.js:21 *** *** learning_rate *** ***
nn.js:54 0.1
nn.js:21 *** *** gradients post multiple learning_rate *** ***
nn.js:24 [ 
nn.js:39    [ -0.007130557722523849 ]
nn.js:42 ]
nn.js:21 *** *** hidden_transposed *** ***
nn.js:24 [ 
nn.js:39    [ 0.5, 0.5, 0.5, 0.5 ]
nn.js:42 ]
nn.js:21 *** *** weight_ho_deltas *** ***
nn.js:24 [ 
nn.js:39    [ -0.0035652788612619245, -0.0035652788612619245, -0.0035652788612619245, -0.0035652788612619245 ]
nn.js:42 ]
nn.js:21 *** *** weights_ho *** ***
nn.js:24 [ 
nn.js:39    [ -0.9558348559006242, -0.5623778331876907, -0.8234266523396914, 0.8658413618966094 ]
nn.js:42 ]
nn.js:21 *** *** weights_ho_transposed *** ***
nn.js:24 [ 
nn.js:36    [ -0.9558348559006242 ],
nn.js:36    [ -0.5623778331876907 ],
nn.js:36    [ -0.8234266523396914 ],
nn.js:39    [ 0.8658413618966094 ]
nn.js:42 ]
nn.js:21 *** *** hidden_errors *** ***
nn.js:24 [ 
nn.js:36    [ 0.3106712973952215 ],
nn.js:36    [ 0.18278748675482281 ],
nn.js:36    [ 0.26763517234484735 ],
nn.js:39    [ -0.28142106094824354 ]
nn.js:42 ]
nn.js:21 *** *** hidden_gradient *** ***
nn.js:24 [ 
nn.js:36    [ 0.25 ],
nn.js:36    [ 0.25 ],
nn.js:36    [ 0.25 ],
nn.js:39    [ 0.25 ]
nn.js:42 ]
nn.js:21 *** *** hidden_gradient post multiply hidden_errors *** ***
nn.js:24 [ 
nn.js:36    [ 0.07766782434880537 ],
nn.js:36    [ 0.045696871688705704 ],
nn.js:36    [ 0.06690879308621184 ],
nn.js:39    [ -0.07035526523706088 ]
nn.js:42 ]
nn.js:21 *** *** hidden_gradient post multiply learning rate *** ***
nn.js:24 [ 
nn.js:36    [ 0.007766782434880538 ],
nn.js:36    [ 0.0045696871688705705 ],
nn.js:36    [ 0.0066908793086211844 ],
nn.js:39    [ -0.007035526523706089 ]
nn.js:42 ]
nn.js:21 *** *** inputs_transposed *** ***
nn.js:24 [ 
nn.js:39    [ 0, 0 ]
nn.js:42 ]
nn.js:21 *** *** weight_ih_deltas *** ***
nn.js:24 [ 
nn.js:36    [ 0, 0 ],
nn.js:36    [ 0, 0 ],
nn.js:36    [ 0, 0 ],
nn.js:39    [ 0, 0 ]
nn.js:42 ]
nn.js:21 *** *** weights_ih *** ***
nn.js:24 [ 
nn.js:36    [ 0.4625586316941619, 0.6101025068836639 ],
nn.js:36    [ -0.9024177851410742, 0.15935691265593244 ],
nn.js:36    [ 0.3094404335267602, -0.5221221308840556 ],
nn.js:39    [ 0.21645665263422398, -0.04100540618027848 ]
nn.js:42 ]
sketch.js:28 ********** training run ********** 1
sketch.js:29 *** data.inputs *** (2) [1, 1]
sketch.js:30 *** data.outputs *** [0]
nn.js:21 *** *** inputs *** ***
nn.js:24 [ 
nn.js:36    [ 1 ],
nn.js:39    [ 1 ]
nn.js:42 ]
nn.js:21 *** *** weights_ih *** ***
nn.js:24 [ 
nn.js:36    [ 0.4625586316941619, 0.6101025068836639 ],
nn.js:36    [ -0.9024177851410742, 0.15935691265593244 ],
nn.js:36    [ 0.3094404335267602, -0.5221221308840556 ],
nn.js:39    [ 0.21645665263422398, -0.04100540618027848 ]
nn.js:42 ]
nn.js:21 *** *** hidden *** ***
nn.js:24 [ 
nn.js:36    [ 1.0726611385778257 ],
nn.js:36    [ -0.7430608724851417 ],
nn.js:36    [ -0.21268169735729536 ],
nn.js:39    [ 0.1754512464539455 ]
nn.js:42 ]
nn.js:21 *** *** hidden post-activation *** ***
nn.js:24 [ 
nn.js:36    [ 0.7451026613098427 ],
nn.js:36    [ 0.3223351781666235 ],
nn.js:36    [ 0.4470290969232282 ],
nn.js:39    [ 0.54375063731974 ]
nn.js:42 ]
nn.js:21 *** *** hidden *** ***
nn.js:24 [ 
nn.js:36    [ 0.7451026613098427 ],
nn.js:36    [ 0.3223351781666235 ],
nn.js:36    [ 0.4470290969232282 ],
nn.js:39    [ 0.54375063731974 ]
nn.js:42 ]
nn.js:21 *** *** weights_ho *** ***
nn.js:24 [ 
nn.js:39    [ -0.9558348559006242, -0.5623778331876907, -0.8234266523396914, 0.8658413618966094 ]
nn.js:42 ]
nn.js:21 *** *** outputs *** ***
nn.js:24 [ 
nn.js:39    [ -0.7907631343906354 ]
nn.js:42 ]
nn.js:21 *** *** outputs post-activation *** ***
nn.js:24 [ 
nn.js:39    [ 0.3120048331576897 ]
nn.js:42 ]
nn.js:21 *** *** targets *** ***
nn.js:24 [ 
nn.js:39    [ 0 ]
nn.js:42 ]
nn.js:21 *** *** output_errors *** ***
nn.js:24 [ 
nn.js:39    [ -0.3120048331576897 ]
nn.js:42 ]
nn.js:21 *** *** gradients *** ***
nn.js:24 [ 
nn.js:39    [ 0.2146578172439319 ]
nn.js:42 ]
nn.js:21 *** *** gradients post multiply outout_errors *** ***
nn.js:24 [ 
nn.js:39    [ -0.06697427645518682 ]
nn.js:42 ]
nn.js:21 *** *** learning_rate *** ***
nn.js:54 0.1
nn.js:21 *** *** gradients post multiple learning_rate *** ***
nn.js:24 [ 
nn.js:39    [ -0.0066974276455186825 ]
nn.js:42 ]
nn.js:21 *** *** hidden_transposed *** ***
nn.js:24 [ 
nn.js:39    [ 0.7451026613098427, 0.3223351781666235, 0.4470290969232282, 0.54375063731974 ]
nn.js:42 ]
nn.js:21 *** *** weight_ho_deltas *** ***
nn.js:24 [ 
nn.js:39    [ -0.004990271162606084, -0.002158816533376334, -0.002993945032084879, -0.0036417305506536296 ]
nn.js:42 ]
nn.js:21 *** *** weights_ho *** ***
nn.js:24 [ 
nn.js:39    [ -0.9608251270632303, -0.5645366497210671, -0.8264205973717762, 0.8621996313459558 ]
nn.js:42 ]
nn.js:21 *** *** weights_ho_transposed *** ***
nn.js:24 [ 
nn.js:36    [ -0.9608251270632303 ],
nn.js:36    [ -0.5645366497210671 ],
nn.js:36    [ -0.8264205973717762 ],
nn.js:39    [ 0.8621996313459558 ]
nn.js:42 ]
nn.js:21 *** *** hidden_errors *** ***
nn.js:24 [ 
nn.js:36    [ 0.29978208346307916 ],
nn.js:36    [ 0.17613816320762263 ],
nn.js:36    [ 0.25784722060105925 ],
nn.js:39    [ -0.2690104521267165 ]
nn.js:42 ]
nn.js:21 *** *** hidden_gradient *** ***
nn.js:24 [ 
nn.js:36    [ 0.18992468541883253 ],
nn.js:36    [ 0.21843521108291458 ],
nn.js:36    [ 0.24719408342723123 ],
nn.js:39    [ 0.24808588173411658 ]
nn.js:42 ]
nn.js:21 *** *** hidden_gradient post multiply hidden_errors *** ***
nn.js:24 [ 
nn.js:36    [ 0.05693601789592751 ],
nn.js:36    [ 0.03847477686001391 ],
nn.js:36    [ 0.06373830736073793 ],
nn.js:39    [ -0.06673769521154982 ]
nn.js:42 ]
nn.js:21 *** *** hidden_gradient post multiply learning rate *** ***
nn.js:24 [ 
nn.js:36    [ 0.005693601789592752 ],
nn.js:36    [ 0.0038474776860013913 ],
nn.js:36    [ 0.0063738307360737935 ],
nn.js:39    [ -0.006673769521154982 ]
nn.js:42 ]
nn.js:21 *** *** inputs_transposed *** ***
nn.js:24 [ 
nn.js:39    [ 1, 1 ]
nn.js:42 ]
nn.js:21 *** *** weight_ih_deltas *** ***
nn.js:24 [ 
nn.js:36    [ 0.005693601789592752, 0.005693601789592752 ],
nn.js:36    [ 0.0038474776860013913, 0.0038474776860013913 ],
nn.js:36    [ 0.0063738307360737935, 0.0063738307360737935 ],
nn.js:39    [ -0.006673769521154982, -0.006673769521154982 ]
nn.js:42 ]
nn.js:21 *** *** weights_ih *** ***
nn.js:24 [ 
nn.js:36    [ 0.46825223348375467, 0.6157961086732566 ],
nn.js:36    [ -0.8985703074550728, 0.16320439034193382 ],
nn.js:36    [ 0.315814264262834, -0.5157483001479818 ],
nn.js:39    [ 0.209782883113069, -0.047679175701433464 ]
nn.js:42 ]
sketch.js:28 ********** training run ********** 2
sketch.js:29 *** data.inputs *** (2) [1, 0]
sketch.js:30 *** data.outputs *** [1]
nn.js:21 *** *** inputs *** ***
nn.js:24 [ 
nn.js:36    [ 1 ],
nn.js:39    [ 0 ]
nn.js:42 ]
nn.js:21 *** *** weights_ih *** ***
nn.js:24 [ 
nn.js:36    [ 0.46825223348375467, 0.6157961086732566 ],
nn.js:36    [ -0.8985703074550728, 0.16320439034193382 ],
nn.js:36    [ 0.315814264262834, -0.5157483001479818 ],
nn.js:39    [ 0.209782883113069, -0.047679175701433464 ]
nn.js:42 ]
nn.js:21 *** *** hidden *** ***
nn.js:24 [ 
nn.js:36    [ 0.46825223348375467 ],
nn.js:36    [ -0.8985703074550728 ],
nn.js:36    [ 0.315814264262834 ],
nn.js:39    [ 0.209782883113069 ]
nn.js:42 ]
nn.js:21 *** *** hidden post-activation *** ***
nn.js:24 [ 
nn.js:36    [ 0.6149700001621452 ],
nn.js:36    [ 0.2893443882177243 ],
nn.js:36    [ 0.5783038189492862 ],
nn.js:39    [ 0.5522542238003909 ]
nn.js:42 ]
nn.js:21 *** *** hidden *** ***
nn.js:24 [ 
nn.js:36    [ 0.6149700001621452 ],
nn.js:36    [ 0.2893443882177243 ],
nn.js:36    [ 0.5783038189492862 ],
nn.js:39    [ 0.5522542238003909 ]
nn.js:42 ]
nn.js:21 *** *** weights_ho *** ***
nn.js:24 [ 
nn.js:39    [ -0.9608251270632303, -0.5645366497210671, -0.8264205973717762, 0.8621996313459558 ]
nn.js:42 ]
nn.js:21 *** *** outputs *** ***
nn.js:24 [ 
nn.js:39    [ -0.7559929394343985 ]
nn.js:42 ]
nn.js:21 *** *** outputs post-activation *** ***
nn.js:24 [ 
nn.js:39    [ 0.31951687393085726 ]
nn.js:42 ]
nn.js:21 *** *** targets *** ***
nn.js:24 [ 
nn.js:39    [ 1 ]
nn.js:42 ]
nn.js:21 *** *** output_errors *** ***
nn.js:24 [ 
nn.js:39    [ 0.6804831260691427 ]
nn.js:42 ]
nn.js:21 *** *** gradients *** ***
nn.js:24 [ 
nn.js:39    [ 0.21742584120430994 ]
nn.js:42 ]
nn.js:21 *** *** gradients post multiply outout_errors *** ***
nn.js:24 [ 
nn.js:39    [ 0.14795461611092184 ]
nn.js:42 ]
nn.js:21 *** *** learning_rate *** ***
nn.js:54 0.1
nn.js:21 *** *** gradients post multiple learning_rate *** ***
nn.js:24 [ 
nn.js:39    [ 0.014795461611092185 ]
nn.js:42 ]
nn.js:21 *** *** hidden_transposed *** ***
nn.js:24 [ 
nn.js:39    [ 0.6149700001621452, 0.2893443882177243, 0.5783038189492862, 0.5522542238003909 ]
nn.js:42 ]
nn.js:21 *** *** weight_ho_deltas *** ***
nn.js:24 [ 
nn.js:39    [ 0.009098765029372374, 0.004280983788260293, 0.008556271952812168, 0.008170856167802196 ]
nn.js:42 ]
nn.js:21 *** *** weights_ho *** ***
nn.js:24 [ 
nn.js:39    [ -0.951726362033858, -0.5602556659328068, -0.817864325418964, 0.870370487513758 ]
nn.js:42 ]
nn.js:21 *** *** weights_ho_transposed *** ***
nn.js:24 [ 
nn.js:36    [ -0.951726362033858 ],
nn.js:36    [ -0.5602556659328068 ],
nn.js:36    [ -0.817864325418964 ],
nn.js:39    [ 0.870370487513758 ]
nn.js:42 ]
nn.js:21 *** *** hidden_errors *** ***
nn.js:24 [ 
nn.js:36    [ -0.6476337299992123 ],
nn.js:36    [ -0.3812445269519057 ],
nn.js:36    [ -0.5565428728615273 ],
nn.js:39    [ 0.5922724301816858 ]
nn.js:42 ]
nn.js:21 *** *** hidden_gradient *** ***
nn.js:24 [ 
nn.js:36    [ 0.23678189906271632 ],
nn.js:36    [ 0.20562421322463517 ],
nn.js:36    [ 0.24386851193795742 ],
nn.js:39    [ 0.24726949609501866 ]
nn.js:42 ]
nn.js:21 *** *** hidden_gradient post multiply hidden_errors *** ***
nn.js:24 [ 
nn.js:36    [ -0.15334794448628397 ],
nn.js:36    [ -0.07839310590068382 ],
nn.js:36    [ -0.1357232822344165 ],
nn.js:39    [ 0.1464509053619976 ]
nn.js:42 ]
nn.js:21 *** *** hidden_gradient post multiply learning rate *** ***
nn.js:24 [ 
nn.js:36    [ -0.015334794448628397 ],
nn.js:36    [ -0.007839310590068383 ],
nn.js:36    [ -0.013572328223441649 ],
nn.js:39    [ 0.01464509053619976 ]
nn.js:42 ]
nn.js:21 *** *** inputs_transposed *** ***
nn.js:24 [ 
nn.js:39    [ 1, 0 ]
nn.js:42 ]
nn.js:21 *** *** weight_ih_deltas *** ***
nn.js:24 [ 
nn.js:36    [ -0.015334794448628397, 0 ],
nn.js:36    [ -0.007839310590068383, 0 ],
nn.js:36    [ -0.013572328223441649, 0 ],
nn.js:39    [ 0.01464509053619976, 0 ]
nn.js:42 ]
nn.js:21 *** *** weights_ih *** ***
nn.js:24 [ 
nn.js:36    [ 0.45291743903512627, 0.6157961086732566 ],
nn.js:36    [ -0.9064096180451412, 0.16320439034193382 ],
nn.js:36    [ 0.3022419360393923, -0.5157483001479818 ],
nn.js:39    [ 0.22442797364926875, -0.047679175701433464 ]
nn.js:42 ]
sketch.js:28 ********** training run ********** 3
sketch.js:29 *** data.inputs *** (2) [0, 0]
sketch.js:30 *** data.outputs *** [0]
nn.js:21 *** *** inputs *** ***
nn.js:24 [ 
nn.js:36    [ 0 ],
nn.js:39    [ 0 ]
nn.js:42 ]
nn.js:21 *** *** weights_ih *** ***
nn.js:24 [ 
nn.js:36    [ 0.45291743903512627, 0.6157961086732566 ],
nn.js:36    [ -0.9064096180451412, 0.16320439034193382 ],
nn.js:36    [ 0.3022419360393923, -0.5157483001479818 ],
nn.js:39    [ 0.22442797364926875, -0.047679175701433464 ]
nn.js:42 ]
nn.js:21 *** *** hidden *** ***
nn.js:24 [ 
nn.js:36    [ 0 ],
nn.js:36    [ 0 ],
nn.js:36    [ 0 ],
nn.js:39    [ 0 ]
nn.js:42 ]
nn.js:21 *** *** hidden post-activation *** ***
nn.js:24 [ 
nn.js:36    [ 0.5 ],
nn.js:36    [ 0.5 ],
nn.js:36    [ 0.5 ],
nn.js:39    [ 0.5 ]
nn.js:42 ]
nn.js:21 *** *** hidden *** ***
nn.js:24 [ 
nn.js:36    [ 0.5 ],
nn.js:36    [ 0.5 ],
nn.js:36    [ 0.5 ],
nn.js:39    [ 0.5 ]
nn.js:42 ]
nn.js:21 *** *** weights_ho *** ***
nn.js:24 [ 
nn.js:39    [ -0.951726362033858, -0.5602556659328068, -0.817864325418964, 0.870370487513758 ]
nn.js:42 ]
nn.js:21 *** *** outputs *** ***
nn.js:24 [ 
nn.js:39    [ -0.7297379329359353 ]
nn.js:42 ]
nn.js:21 *** *** outputs post-activation *** ***
nn.js:24 [ 
nn.js:39    [ 0.3252522388653141 ]
nn.js:42 ]
nn.js:21 *** *** targets *** ***
nn.js:24 [ 
nn.js:39    [ 0 ]
nn.js:42 ]
nn.js:21 *** *** output_errors *** ***
nn.js:24 [ 
nn.js:39    [ -0.3252522388653141 ]
nn.js:42 ]
nn.js:21 *** *** gradients *** ***
nn.js:24 [ 
nn.js:39    [ 0.21946321997841478 ]
nn.js:42 ]
nn.js:21 *** *** gradients post multiply outout_errors *** ***
nn.js:24 [ 
nn.js:39    [ -0.07138090364657035 ]
nn.js:42 ]
nn.js:21 *** *** learning_rate *** ***
nn.js:54 0.1
nn.js:21 *** *** gradients post multiple learning_rate *** ***
nn.js:24 [ 
nn.js:39    [ -0.007138090364657035 ]
nn.js:42 ]
nn.js:21 *** *** hidden_transposed *** ***
nn.js:24 [ 
nn.js:39    [ 0.5, 0.5, 0.5, 0.5 ]
nn.js:42 ]
nn.js:21 *** *** weight_ho_deltas *** ***
nn.js:24 [ 
nn.js:39    [ -0.0035690451823285176, -0.0035690451823285176, -0.0035690451823285176, -0.0035690451823285176 ]
nn.js:42 ]
nn.js:21 *** *** weights_ho *** ***
nn.js:24 [ 
nn.js:39    [ -0.9552954072161864, -0.5638247111151353, -0.8214333706012925, 0.8668014423314295 ]
nn.js:42 ]
nn.js:21 *** *** weights_ho_transposed *** ***
nn.js:24 [ 
nn.js:36    [ -0.9552954072161864 ],
nn.js:36    [ -0.5638247111151353 ],
nn.js:36    [ -0.8214333706012925 ],
nn.js:39    [ 0.8668014423314295 ]
nn.js:42 ]
nn.js:21 *** *** hidden_errors *** ***
nn.js:24 [ 
nn.js:36    [ 0.3107119699748166 ],
nn.js:36    [ 0.18338524961778674 ],
nn.js:36    [ 0.2671730428667517 ],
nn.js:39    [ -0.2819291097699809 ]
nn.js:42 ]
nn.js:21 *** *** hidden_gradient *** ***
nn.js:24 [ 
nn.js:36    [ 0.25 ],
nn.js:36    [ 0.25 ],
nn.js:36    [ 0.25 ],
nn.js:39    [ 0.25 ]
nn.js:42 ]
nn.js:21 *** *** hidden_gradient post multiply hidden_errors *** ***
nn.js:24 [ 
nn.js:36    [ 0.07767799249370415 ],
nn.js:36    [ 0.045846312404446685 ],
nn.js:36    [ 0.06679326071668792 ],
nn.js:39    [ -0.07048227744249523 ]
nn.js:42 ]
nn.js:21 *** *** hidden_gradient post multiply learning rate *** ***
nn.js:24 [ 
nn.js:36    [ 0.0077677992493704155 ],
nn.js:36    [ 0.004584631240444669 ],
nn.js:36    [ 0.006679326071668793 ],
nn.js:39    [ -0.007048227744249524 ]
nn.js:42 ]
nn.js:21 *** *** inputs_transposed *** ***
nn.js:24 [ 
nn.js:39    [ 0, 0 ]
nn.js:42 ]
nn.js:21 *** *** weight_ih_deltas *** ***
nn.js:24 [ 
nn.js:36    [ 0, 0 ],
nn.js:36    [ 0, 0 ],
nn.js:36    [ 0, 0 ],
nn.js:39    [ 0, 0 ]
nn.js:42 ]
nn.js:21 *** *** weights_ih *** ***
nn.js:24 [ 
nn.js:36    [ 0.45291743903512627, 0.6157961086732566 ],
nn.js:36    [ -0.9064096180451412, 0.16320439034193382 ],
nn.js:36    [ 0.3022419360393923, -0.5157483001479818 ],
nn.js:39    [ 0.22442797364926875, -0.047679175701433464 ]
nn.js:42 ]
sketch.js:28 ********** training run ********** 4
sketch.js:29 *** data.inputs *** (2) [1, 1]
sketch.js:30 *** data.outputs *** [0]
nn.js:21 *** *** inputs *** ***
nn.js:24 [ 
nn.js:36    [ 1 ],
nn.js:39    [ 1 ]
nn.js:42 ]
nn.js:21 *** *** weights_ih *** ***
nn.js:24 [ 
nn.js:36    [ 0.45291743903512627, 0.6157961086732566 ],
nn.js:36    [ -0.9064096180451412, 0.16320439034193382 ],
nn.js:36    [ 0.3022419360393923, -0.5157483001479818 ],
nn.js:39    [ 0.22442797364926875, -0.047679175701433464 ]
nn.js:42 ]
nn.js:21 *** *** hidden *** ***
nn.js:24 [ 
nn.js:36    [ 1.068713547708383 ],
nn.js:36    [ -0.7432052277032074 ],
nn.js:36    [ -0.21350636410858947 ],
nn.js:39    [ 0.1767487979478353 ]
nn.js:42 ]
nn.js:21 *** *** hidden post-activation *** ***
nn.js:24 [ 
nn.js:36    [ 0.7443521912017478 ],
nn.js:36    [ 0.32230364671283146 ],
nn.js:36    [ 0.44682525309764126 ],
nn.js:39    [ 0.5440725232079905 ]
nn.js:42 ]
nn.js:21 *** *** hidden *** ***
nn.js:24 [ 
nn.js:36    [ 0.7443521912017478 ],
nn.js:36    [ 0.32230364671283146 ],
nn.js:36    [ 0.44682525309764126 ],
nn.js:39    [ 0.5440725232079905 ]
nn.js:42 ]
nn.js:21 *** *** weights_ho *** ***
nn.js:24 [ 
nn.js:39    [ -0.9552954072161864, -0.5638247111151353, -0.8214333706012925, 0.8668014423314295 ]
nn.js:42 ]
nn.js:21 *** *** outputs *** ***
nn.js:24 [ 
nn.js:39    [ -0.7882333159777359 ]
nn.js:42 ]
nn.js:21 *** *** outputs post-activation *** ***
nn.js:24 [ 
nn.js:39    [ 0.31254813655810415 ]
nn.js:42 ]
nn.js:21 *** *** targets *** ***
nn.js:24 [ 
nn.js:39    [ 0 ]
nn.js:42 ]
nn.js:21 *** *** output_errors *** ***
nn.js:24 [ 
nn.js:39    [ -0.31254813655810415 ]
nn.js:42 ]
nn.js:21 *** *** gradients *** ***
nn.js:24 [ 
nn.js:39    [ 0.2148617988921608 ]
nn.js:42 ]
nn.js:21 *** *** gradients post multiply outout_errors *** ***
nn.js:24 [ 
nn.js:39    [ -0.06715465486126698 ]
nn.js:42 ]
nn.js:21 *** *** learning_rate *** ***
nn.js:54 0.1
nn.js:21 *** *** gradients post multiple learning_rate *** ***
nn.js:24 [ 
nn.js:39    [ -0.006715465486126698 ]
nn.js:42 ]
nn.js:21 *** *** hidden_transposed *** ***
nn.js:24 [ 
nn.js:39    [ 0.7443521912017478, 0.32230364671283146, 0.44682525309764126, 0.5440725232079905 ]
nn.js:42 ]
nn.js:21 *** *** weight_ho_deltas *** ***
nn.js:24 [ 
nn.js:39    [ -0.004998671449538118, -0.0021644190155527925, -0.0030006395655070364, -0.003653700251553127 ]
nn.js:42 ]
nn.js:21 *** *** weights_ho *** ***
nn.js:24 [ 
nn.js:39    [ -0.9602940786657246, -0.5659891301306881, -0.8244340101667995, 0.8631477420798764 ]
nn.js:42 ]
nn.js:21 *** *** weights_ho_transposed *** ***
nn.js:24 [ 
nn.js:36    [ -0.9602940786657246 ],
nn.js:36    [ -0.5659891301306881 ],
nn.js:36    [ -0.8244340101667995 ],
nn.js:39    [ 0.8631477420798764 ]
nn.js:42 ]
nn.js:21 *** *** hidden_errors *** ***
nn.js:24 [ 
nn.js:36    [ 0.3001381248347537 ],
nn.js:36    [ 0.17689884793448887 ],
nn.js:36    [ 0.2576753135927583 ],
nn.js:39    [ -0.2697752183614005 ]
nn.js:42 ]
nn.js:21 *** *** hidden_gradient *** ***
nn.js:24 [ 
nn.js:36    [ 0.1902920066549045 ],
nn.js:36    [ 0.21842400602844178 ],
nn.js:36    [ 0.24717244629187007 ],
nn.js:39    [ 0.24805761269808113 ]
nn.js:42 ]
nn.js:21 *** *** hidden_gradient post multiply hidden_errors *** ***
nn.js:24 [ 
nn.js:36    [ 0.057113886048445514 ],
nn.js:36    [ 0.038638955027667204 ],
nn.js:36    [ 0.06369023760974683 ],
nn.js:39    [ -0.06691979663183255 ]
nn.js:42 ]
nn.js:21 *** *** hidden_gradient post multiply learning rate *** ***
nn.js:24 [ 
nn.js:36    [ 0.005711388604844552 ],
nn.js:36    [ 0.0038638955027667206 ],
nn.js:36    [ 0.006369023760974684 ],
nn.js:39    [ -0.0066919796631832555 ]
nn.js:42 ]
nn.js:21 *** *** inputs_transposed *** ***
nn.js:24 [ 
nn.js:39    [ 1, 1 ]
nn.js:42 ]
nn.js:21 *** *** weight_ih_deltas *** ***
nn.js:24 [ 
nn.js:36    [ 0.005711388604844552, 0.005711388604844552 ],
nn.js:36    [ 0.0038638955027667206, 0.0038638955027667206 ],
nn.js:36    [ 0.006369023760974684, 0.006369023760974684 ],
nn.js:39    [ -0.0066919796631832555, -0.0066919796631832555 ]
nn.js:42 ]
nn.js:21 *** *** weights_ih *** ***
nn.js:24 [ 
nn.js:36    [ 0.4586288276399708, 0.6215074972781012 ],
nn.js:36    [ -0.9025457225423745, 0.16706828584470054 ],
nn.js:36    [ 0.308610959800367, -0.5093792763870071 ],
nn.js:39    [ 0.2177359939860855, -0.054371155364616716 ]
nn.js:42 ]
